#! /usr/bin/vvp
:ivl_version "10.1 (stable)";
:ivl_delay_selection "TYPICAL";
:vpi_time_precision + 0;
:vpi_module "system";
:vpi_module "vhdl_sys";
:vpi_module "v2005_math";
:vpi_module "va_math";
S_0x564c1cbd6090 .scope module, "test" "test" 2 17;
 .timescale 0 0;
v0x564c1cbf6980_0 .var "D", 2 0;
v0x564c1cbf6a80_0 .net "F1", 0 0, L_0x564c1cbf7440;  1 drivers
v0x564c1cbf6b40_0 .net "F2", 0 0, L_0x564c1cbf70a0;  1 drivers
v0x564c1cbf6c10_0 .var "v", 1 0;
L_0x564c1cbf75a0 .part v0x564c1cbf6980_0, 2, 1;
L_0x564c1cbf7640 .part v0x564c1cbf6980_0, 1, 1;
L_0x564c1cbf7730 .part v0x564c1cbf6980_0, 0, 1;
S_0x564c1cbd6210 .scope module, "M1" "Circuit" 2 21, 2 1 0, S_0x564c1cbd6090;
 .timescale 0 0;
    .port_info 0 /INPUT 1 "A"
    .port_info 1 /INPUT 1 "B"
    .port_info 2 /INPUT 1 "C"
    .port_info 3 /OUTPUT 1 "F1"
    .port_info 4 /OUTPUT 1 "F2"
L_0x564c1cbd5680 .functor OR 1, L_0x564c1cbf75a0, L_0x564c1cbf7640, L_0x564c1cbf7730, C4<0>;
L_0x564c1cbf6da0 .functor AND 1, L_0x564c1cbf75a0, L_0x564c1cbf7640, C4<1>, C4<1>;
L_0x564c1cbf6e90 .functor AND 1, L_0x564c1cbf75a0, L_0x564c1cbf7640, C4<1>, C4<1>;
L_0x564c1cbf6f00 .functor AND 1, L_0x564c1cbf75a0, L_0x564c1cbf7730, C4<1>, C4<1>;
L_0x564c1cbf6fa0 .functor AND 1, L_0x564c1cbf7640, L_0x564c1cbf7730, C4<1>, C4<1>;
L_0x564c1cbf70a0 .functor OR 1, L_0x564c1cbf6e90, L_0x564c1cbf6f00, L_0x564c1cbf6fa0, C4<0>;
L_0x564c1cbf7270 .functor NOT 1, L_0x564c1cbf70a0, C4<0>, C4<0>, C4<0>;
L_0x564c1cbf72e0 .functor AND 1, L_0x564c1cbd5680, L_0x564c1cbf7270, C4<1>, C4<1>;
L_0x564c1cbf7440 .functor OR 1, L_0x564c1cbf6da0, L_0x564c1cbf72e0, C4<0>, C4<0>;
v0x564c1cbd6390_0 .net "A", 0 0, L_0x564c1cbf75a0;  1 drivers
v0x564c1cbf6070_0 .net "B", 0 0, L_0x564c1cbf7640;  1 drivers
v0x564c1cbf6130_0 .net "C", 0 0, L_0x564c1cbf7730;  1 drivers
v0x564c1cbf61d0_0 .net "E1", 0 0, L_0x564c1cbf6e90;  1 drivers
v0x564c1cbf6290_0 .net "E2", 0 0, L_0x564c1cbf6f00;  1 drivers
v0x564c1cbf63a0_0 .net "E3", 0 0, L_0x564c1cbf6fa0;  1 drivers
v0x564c1cbf6460_0 .net "F1", 0 0, L_0x564c1cbf7440;  alias, 1 drivers
v0x564c1cbf6520_0 .net "F2", 0 0, L_0x564c1cbf70a0;  alias, 1 drivers
v0x564c1cbf65e0_0 .net "F2_B", 0 0, L_0x564c1cbf7270;  1 drivers
v0x564c1cbf66a0_0 .net "T1", 0 0, L_0x564c1cbd5680;  1 drivers
v0x564c1cbf6760_0 .net "T2", 0 0, L_0x564c1cbf6da0;  1 drivers
v0x564c1cbf6820_0 .net "T3", 0 0, L_0x564c1cbf72e0;  1 drivers
    .scope S_0x564c1cbd6090;
T_0 ;
    %pushi/vec4 1, 1, 2;
    %store/vec4 v0x564c1cbf6c10_0, 0, 2;
    %end;
    .thread T_0;
    .scope S_0x564c1cbd6090;
T_1 ;
    %pushi/vec4 0, 0, 3;
    %store/vec4 v0x564c1cbf6980_0, 0, 3;
    %pushi/vec4 7, 0, 32;
T_1.0 %dup/vec4;
    %pushi/vec4 0, 0, 32;
    %cmp/s;
    %jmp/1xz T_1.1, 5;
    %jmp/1 T_1.1, 4;
    %pushi/vec4 1, 0, 32;
    %sub;
    %delay 10, 0;
    %load/vec4 v0x564c1cbf6980_0;
    %pushi/vec4 1, 0, 3;
    %add;
    %store/vec4 v0x564c1cbf6980_0, 0, 3;
    %jmp T_1.0;
T_1.1 ;
    %pop/vec4 1;
    %end;
    .thread T_1;
    .scope S_0x564c1cbd6090;
T_2 ;
    %delay 70, 0;
    %vpi_call 2 49 "$finish" {0 0 0};
    %end;
    .thread T_2;
    .scope S_0x564c1cbd6090;
T_3 ;
    %vpi_call 2 52 "$monitor", "ABC= %b F1 = %b F2= %b", v0x564c1cbf6980_0, v0x564c1cbf6a80_0, v0x564c1cbf6b40_0 {0 0 0};
    %end;
    .thread T_3;
    .scope S_0x564c1cbd6090;
T_4 ;
    %vpi_call 2 53 "$display", "%b ", v0x564c1cbf6c10_0 {0 0 0};
    %end;
    .thread T_4;
# The file index is used to find the file name in the following table.
:file_names 3;
    "N/A";
    "<interactive>";
    "hello.v";
